# //  Questa Sim-64
# //  Version 2021.1 win64 Jan 19 2021
# //
# //  Copyright 1991-2021 Mentor Graphics Corporation
# //  All Rights Reserved.
# //
# //  QuestaSim and its associated documentation contain trade
# //  secrets and commercial or financial information that are the property of
# //  Mentor Graphics Corporation and are privileged, confidential,
# //  and exempt from disclosure under the Freedom of Information Act,
# //  5 U.S.C. Section 552. Furthermore, this information
# //  is prohibited from disclosure under the Trade Secrets Act,
# //  18 U.S.C. Section 1905.
# //
# do sim/questa/run.do
# ** Warning: (vlib-34) Library already exists at "out/work".
# Errors: 0, Warnings: 1
# QuestaSim-64 vmap 2021.1 Lib Mapping Utility 2021.01 Jan 19 2021
# vmap work out/work 
# Modifying E:\Xilinx_2022.2\repo\sim\questa\modelsim.ini
#  Current directory is: E:/Xilinx_2022.2/repo/sim/questa
#  Project is: E:\Xilinx_2022.2\repo\sim\questa\modelsim.ini
# 
# QuestaSim-64 vcom 2021.1 Compiler 2021.01 Jan 19 2021
# Start time: 21:57:44 on Jan 29,2026
# vcom -reportprogress 300 -2008 -cover bcesft -work work ref/dbram_ref.vhd 
# -- Loading package STANDARD
# -- Loading package TEXTIO
# -- Loading package std_logic_1164
# -- Loading package NUMERIC_STD
# -- Compiling entity dbram_ref
# -- Compiling architecture rtl of dbram_ref
# End time: 21:57:45 on Jan 29,2026, Elapsed time: 0:00:01
# Errors: 0, Warnings: 0
# QuestaSim-64 vcom 2021.1 Compiler 2021.01 Jan 19 2021
# Start time: 21:57:45 on Jan 29,2026
# vcom -reportprogress 300 -2008 -cover bcesft -work work tb/tb_dbram_ref.vhd 
# -- Loading package STANDARD
# -- Loading package TEXTIO
# -- Loading package std_logic_1164
# -- Loading package NUMERIC_STD
# -- Compiling entity tb_dbram_ref
# -- Compiling architecture tb of tb_dbram_ref
# -- Loading entity dbram_ref
# End time: 21:57:45 on Jan 29,2026, Elapsed time: 0:00:00
# Errors: 0, Warnings: 0
# vsim -t 1ps -voptargs=""+acc"" -coverage -L unisim -L xpm -L secureip work.tb_dbram_ref 
# Start time: 21:57:45 on Jan 29,2026
# ** Note: (vsim-3813) Design is being optimized due to module recompilation...
# Loading std.standard
# Loading std.textio(body)
# Loading ieee.std_logic_1164(body)
# Loading ieee.numeric_std(body)
# Loading work.tb_dbram_ref(tb)#1
# Loading work.dbram_ref(rtl)#1
# Loading ieee.std_logic_textio(body)
# Loading ieee.vital_timing(body)
# Loading ieee.vital_primitives(body)
# Loading unisim.vpkg(body)
# Loading unisim.ramb36e2(ramb36e2_v)#1
# .main_pane.wave.interior.cs.body.pw.wf
# hexadecimal
# .main_pane.wave.interior.cs.body.pw.wf
# .main_pane.structure.interior.cs.body.struct
# .main_pane.objects.interior.cs.body.tree
# ** Note: LATENCY A addr=3 = 1 cycles
#    Time: 215 ns  Iteration: 0  Instance: /tb_dbram_ref
# ** Note: LATENCY A addr=10 = 1 cycles
#    Time: 235 ns  Iteration: 0  Instance: /tb_dbram_ref
# ** Note: LATENCY B addr=7 = 1 cycles
#    Time: 255 ns  Iteration: 0  Instance: /tb_dbram_ref
# ** Note: LATENCY B addr=12 = 1 cycles
#    Time: 275 ns  Iteration: 0  Instance: /tb_dbram_ref
# ** Note: RDW A addr=20 old=11111111 new=DEADBEEF t1=DEADBEEF t2=DEADBEEF
#    Time: 365 ns  Iteration: 0  Instance: /tb_dbram_ref
# ** Failure: TB finished
#    Time: 365 ns  Iteration: 0  Process: /tb_dbram_ref/stim File: tb/tb_dbram_ref.vhd
# Break in Process stim at tb/tb_dbram_ref.vhd line 207
coverage report -output report.txt -srcfile=* -detail -all -dump -annotate -option -assert -directive -cvg -codeAll
exit
# End time: 03:22:03 on Jan 30,2026, Elapsed time: 5:24:18
# Errors: 1, Warnings: 0
